[2019-09-26 20:25:14,642] - log.py[line:33] - INFO: //*[@id="languageSelect"]，xpath定位成功
[2019-09-26 20:25:15,740] - log.py[line:33] - INFO: //*[@id="languageSelect"]/option[1]，xpath定位成功
[2019-09-26 20:25:16,775] - log.py[line:33] - INFO: //*[@id="usernameInput"]，xpath定位成功
[2019-09-26 20:25:18,861] - log.py[line:33] - INFO: //*[@id="passwordInput"]，xpath定位成功
[2019-09-26 20:25:20,913] - log.py[line:33] - INFO: //*[@id="submitButton"]，xpath定位成功
[2019-09-26 20:25:21,952] - log.py[line:33] - INFO: 切换frame
[2019-09-26 20:25:22,438] - log.py[line:33] - INFO: #usuallyMenus > div > a:nth-child(1) > div，css定位成功
[2019-09-26 20:25:25,432] - log.py[line:33] - INFO: 切换frame
[2019-09-26 20:25:25,457] - log.py[line:33] - INFO: //*[@id="1000000010318193"]，xpath定位成功
[2019-09-26 20:25:30,180] - log.py[line:33] - INFO: 退出frame
[2019-09-26 20:25:30,184] - log.py[line:33] - INFO: 切换frame
[2019-09-26 20:25:30,195] - log.py[line:33] - INFO: 切换frame
[2019-09-26 20:25:31,218] - log.py[line:33] - INFO: addtravelbuttonid，id定位成功
[2019-09-26 20:25:32,100] - log.py[line:33] - INFO: 行程页面进入成功
[2019-09-26 20:25:35,101] - log.py[line:33] - INFO: 退出frame
[2019-09-26 20:25:35,107] - log.py[line:33] - INFO: 切换frame
[2019-09-26 20:25:40,135] - log.py[line:33] - INFO: //*[@id="container"]/div/div[2]/div[1]/div[3]/div[1]/div[2]，xpath定位成功
[2019-09-26 20:25:42,241] - log.py[line:33] - INFO: //*[@id="container"]/div/div[2]/div[1]/div[3]/div[4]/div/div[1]/div[2]/div[1]/span[2]/input，xpath定位成功
[2019-09-26 20:25:44,329] - log.py[line:33] - INFO: //*[@id="container"]/div/div[2]/div[1]/div[3]/div[4]/div/div[1]/div[2]/div[2]/div，xpath定位成功
[2019-09-26 20:25:46,420] - log.py[line:33] - INFO: //*[@id="container"]/div/div[2]/div[1]/div[3]/div[3]/div[2]，xpath定位成功
[2019-09-26 20:25:46,503] - log.py[line:33] - INFO: //*[@id="container"]/div/div[2]/div[1]/div[3]/div[4]/div/div[1]/div[2]/div[1]/span[2]/input，xpath定位成功
[2019-09-26 20:25:48,606] - log.py[line:33] - INFO: //*[@id="container"]/div/div[2]/div[1]/div[3]/div[4]/div/div[1]/div[2]/div[2]/div，xpath定位成功
[2019-09-26 20:25:51,722] - log.py[line:33] - INFO: #container > div > div:nth-child(2) > div.index-content > div.flight-date-field > div > div.in-date，css定位成功
[2019-09-26 20:25:53,841] - log.py[line:33] - INFO: ，xpath定位列表成功
[2019-09-26 20:25:53,857] - log.py[line:33] - INFO: //*[@id="container"]/div/div[2]/div[1]/div[4]/div/div[2]/div/div[2]/div[1]/div，xpath定位成功
[2019-09-26 20:25:53,888] - log.py[line:33] - INFO: ，xpath定位列表成功
[2019-09-26 20:25:53,903] - log.py[line:33] - INFO: //*[@id="container"]/div/div[2]/div[1]/div[4]/div/div[2]/div/div[2]/div[1]/span[1]，xpath定位成功
[2019-09-26 20:25:53,933] - log.py[line:33] - INFO: //*[@id="container"]/div/div[2]/div[1]/div[4]/div/div[2]/div/div[2]/div[1]/span[2]，xpath定位成功
[2019-09-26 20:25:53,963] - log.py[line:33] - INFO: //*[@id="container"]/div/div[2]/div[1]/div[4]/div/div[2]/div/div[2]/div[1]/span[3]，xpath定位成功
[2019-09-26 20:25:53,993] - log.py[line:33] - INFO: //*[@id="container"]/div/div[2]/div[1]/div[4]/div/div[2]/div/div[2]/div[1]/span[4]，xpath定位成功
[2019-09-26 20:25:54,023] - log.py[line:33] - INFO: //*[@id="container"]/div/div[2]/div[1]/div[4]/div/div[2]/div/div[2]/div[1]/span[5]，xpath定位成功
[2019-09-26 20:25:54,055] - log.py[line:33] - INFO: //*[@id="container"]/div/div[2]/div[1]/div[4]/div/div[2]/div/div[2]/div[1]/span[6]，xpath定位成功
[2019-09-26 20:25:54,085] - log.py[line:33] - INFO: //*[@id="container"]/div/div[2]/div[1]/div[4]/div/div[2]/div/div[2]/div[1]/span[7]，xpath定位成功
[2019-09-26 20:25:54,114] - log.py[line:33] - INFO: //*[@id="container"]/div/div[2]/div[1]/div[4]/div/div[2]/div/div[2]/div[1]/span[8]，xpath定位成功
[2019-09-26 20:25:54,147] - log.py[line:33] - INFO: //*[@id="container"]/div/div[2]/div[1]/div[4]/div/div[2]/div/div[2]/div[1]/span[9]，xpath定位成功
[2019-09-26 20:25:54,184] - log.py[line:33] - INFO: //*[@id="container"]/div/div[2]/div[1]/div[4]/div/div[2]/div/div[2]/div[1]/span[10]，xpath定位成功
[2019-09-26 20:25:54,212] - log.py[line:33] - INFO: //*[@id="container"]/div/div[2]/div[1]/div[4]/div/div[2]/div/div[2]/div[1]/span[11]，xpath定位成功
[2019-09-26 20:25:54,240] - log.py[line:33] - INFO: //*[@id="container"]/div/div[2]/div[1]/div[4]/div/div[2]/div/div[2]/div[1]/span[12]，xpath定位成功
[2019-09-26 20:25:54,268] - log.py[line:33] - INFO: //*[@id="container"]/div/div[2]/div[1]/div[4]/div/div[2]/div/div[2]/div[1]/span[13]，xpath定位成功
[2019-09-26 20:25:54,299] - log.py[line:33] - INFO: //*[@id="container"]/div/div[2]/div[1]/div[4]/div/div[2]/div/div[2]/div[1]/span[14]，xpath定位成功
[2019-09-26 20:25:54,328] - log.py[line:33] - INFO: //*[@id="container"]/div/div[2]/div[1]/div[4]/div/div[2]/div/div[2]/div[1]/span[15]，xpath定位成功
[2019-09-26 20:25:54,357] - log.py[line:33] - INFO: //*[@id="container"]/div/div[2]/div[1]/div[4]/div/div[2]/div/div[2]/div[1]/span[16]，xpath定位成功
[2019-09-26 20:25:54,385] - log.py[line:33] - INFO: //*[@id="container"]/div/div[2]/div[1]/div[4]/div/div[2]/div/div[2]/div[1]/span[17]，xpath定位成功
[2019-09-26 20:25:54,413] - log.py[line:33] - INFO: //*[@id="container"]/div/div[2]/div[1]/div[4]/div/div[2]/div/div[2]/div[1]/span[18]，xpath定位成功
[2019-09-26 20:25:54,442] - log.py[line:33] - INFO: //*[@id="container"]/div/div[2]/div[1]/div[4]/div/div[2]/div/div[2]/div[1]/span[19]，xpath定位成功
[2019-09-26 20:25:54,470] - log.py[line:33] - INFO: //*[@id="container"]/div/div[2]/div[1]/div[4]/div/div[2]/div/div[2]/div[1]/span[20]，xpath定位成功
[2019-09-26 20:25:54,498] - log.py[line:33] - INFO: //*[@id="container"]/div/div[2]/div[1]/div[4]/div/div[2]/div/div[2]/div[1]/span[21]，xpath定位成功
[2019-09-26 20:25:54,528] - log.py[line:33] - INFO: //*[@id="container"]/div/div[2]/div[1]/div[4]/div/div[2]/div/div[2]/div[1]/span[22]，xpath定位成功
[2019-09-26 20:25:54,556] - log.py[line:33] - INFO: //*[@id="container"]/div/div[2]/div[1]/div[4]/div/div[2]/div/div[2]/div[1]/span[23]，xpath定位成功
[2019-09-26 20:25:54,585] - log.py[line:33] - INFO: //*[@id="container"]/div/div[2]/div[1]/div[4]/div/div[2]/div/div[2]/div[1]/span[24]，xpath定位成功
[2019-09-26 20:25:54,614] - log.py[line:33] - INFO: //*[@id="container"]/div/div[2]/div[1]/div[4]/div/div[2]/div/div[2]/div[1]/span[25]，xpath定位成功
[2019-09-26 20:25:54,643] - log.py[line:33] - INFO: //*[@id="container"]/div/div[2]/div[1]/div[4]/div/div[2]/div/div[2]/div[1]/span[26]，xpath定位成功
[2019-09-26 20:25:54,671] - log.py[line:33] - INFO: //*[@id="container"]/div/div[2]/div[1]/div[4]/div/div[2]/div/div[2]/div[1]/span[27]，xpath定位成功
[2019-09-26 20:25:54,700] - log.py[line:33] - INFO: //*[@id="container"]/div/div[2]/div[1]/div[4]/div/div[2]/div/div[2]/div[1]/span[28]，xpath定位成功
[2019-09-26 20:25:54,745] - log.py[line:33] - INFO: //*[@id="container"]/div/div[2]/div[1]/div[4]/div/div[2]/div/div[2]/div[1]/span[29]，xpath定位成功
[2019-09-26 20:25:57,882] - log.py[line:33] - INFO: //*[@id="container"]/div/div[2]/div[2]/div[2]，xpath定位成功
[2019-09-26 20:26:00,974] - log.py[line:33] - INFO: body > div.mint-msgbox-wrapper > div > div.mint-msgbox-btns > button.mint-msgbox-btn.mint-msgbox-confirm，css定位成功
[2019-09-26 20:26:01,054] - log.py[line:33] - INFO: 进入机票列表
